<?xml version="1.0" encoding="UTF-8"?>
<testng-results ignored="1" total="8" passed="1" failed="0" skipped="6">
  <reporter-output>
  </reporter-output>
  <suite started-at="2022-02-13T21:04:25 IST" name="RegressionSuite" finished-at="2022-02-13T21:04:57 IST" duration-ms="31895">
    <groups>
      <group name="Login">
        <method signature="MutualFundLoginTestCase.loginAdmin()[pri:0, instance:com.selenium.testng.MutualFundLoginTestCase@57d7f8ca]" name="loginAdmin" class="com.selenium.testng.MutualFundLoginTestCase"/>
        <method signature="MutualFundLoginTestCase.loginSpeed()[pri:2, instance:com.selenium.testng.MutualFundLoginTestCase@57d7f8ca]" name="loginSpeed" class="com.selenium.testng.MutualFundLoginTestCase"/>
        <method signature="OrangeHRMLoginTestCase.loginAdmin()[pri:0, instance:com.selenium.testng.OrangeHRMLoginTestCase@e15b7e8]" name="loginAdmin" class="com.selenium.testng.OrangeHRMLoginTestCase"/>
      </group> <!-- Login -->
    </groups>
    <test started-at="2022-02-13T21:04:25 IST" name="TC 02 - Orange HRM Login" finished-at="2022-02-13T21:04:36 IST" duration-ms="11008">
      <class name="com.selenium.testng.OrangeHRMLoginTestCase">
        <test-method is-config="true" signature="preCondition()[pri:0, instance:com.selenium.testng.OrangeHRMLoginTestCase@e15b7e8]" started-at="2022-02-13T21:04:25 IST" name="preCondition" finished-at="2022-02-13T21:04:36 IST" duration-ms="10930" status="FAIL">
          <exception class="org.openqa.selenium.SessionNotCreatedException">
            <message>
              <![CDATA[session not created: This version of ChromeDriver only supports Chrome version 94
Current browser version is 98.0.4758.82 with binary path C:\Program Files (x86)\Google\Chrome\Application\chrome.exe
Build info: version: '3.141.59', revision: 'e82be7d358', time: '2018-11-14T08:17:03'
System info: host: 'DESKTOP-GOTDN6L', ip: '192.168.1.28', os.name: 'Windows 10', os.arch: 'amd64', os.version: '10.0', java.version: '14.0.2'
Driver info: driver.version: ChromeDriver
remote stacktrace: Backtrace:
Ordinal0 [0x00B1BDE3+2473443]
Ordinal0 [0x00AB6661+2057825]
Ordinal0 [0x009C2438+1057848]
Ordinal0 [0x009E054A+1181002]
Ordinal0 [0x009DC435+1164341]
Ordinal0 [0x009D9CAF+1154223]
Ordinal0 [0x00A09ADF+1350367]
Ordinal0 [0x00A0974A+1349450]
Ordinal0 [0x00A055AB+1332651]
Ordinal0 [0x009E2104+1188100]
Ordinal0 [0x009E2F59+1191769]
GetHandleVerifier [0x00CA2266+1549718]
GetHandleVerifier [0x00D4D4A7+2250711]
GetHandleVerifier [0x00BA718B+521403]
GetHandleVerifier [0x00BA6229+517465]
Ordinal0 [0x00ABB79D+2078621]
Ordinal0 [0x00ABFB58+2095960]
Ordinal0 [0x00ABFC92+2096274]
Ordinal0 [0x00AC9541+2135361]
BaseThreadInitThunk [0x771FFA29+25]
RtlGetAppContainerNamedObjectPath [0x77E87A9E+286]
RtlGetAppContainerNamedObjectPath [0x77E87A6E+238]
]]>
            </message>
            <full-stacktrace>
              <![CDATA[org.openqa.selenium.SessionNotCreatedException: session not created: This version of ChromeDriver only supports Chrome version 94
Current browser version is 98.0.4758.82 with binary path C:\Program Files (x86)\Google\Chrome\Application\chrome.exe
Build info: version: '3.141.59', revision: 'e82be7d358', time: '2018-11-14T08:17:03'
System info: host: 'DESKTOP-GOTDN6L', ip: '192.168.1.28', os.name: 'Windows 10', os.arch: 'amd64', os.version: '10.0', java.version: '14.0.2'
Driver info: driver.version: ChromeDriver
remote stacktrace: Backtrace:
Ordinal0 [0x00B1BDE3+2473443]
Ordinal0 [0x00AB6661+2057825]
Ordinal0 [0x009C2438+1057848]
Ordinal0 [0x009E054A+1181002]
Ordinal0 [0x009DC435+1164341]
Ordinal0 [0x009D9CAF+1154223]
Ordinal0 [0x00A09ADF+1350367]
Ordinal0 [0x00A0974A+1349450]
Ordinal0 [0x00A055AB+1332651]
Ordinal0 [0x009E2104+1188100]
Ordinal0 [0x009E2F59+1191769]
GetHandleVerifier [0x00CA2266+1549718]
GetHandleVerifier [0x00D4D4A7+2250711]
GetHandleVerifier [0x00BA718B+521403]
GetHandleVerifier [0x00BA6229+517465]
Ordinal0 [0x00ABB79D+2078621]
Ordinal0 [0x00ABFB58+2095960]
Ordinal0 [0x00ABFC92+2096274]
Ordinal0 [0x00AC9541+2135361]
BaseThreadInitThunk [0x771FFA29+25]
RtlGetAppContainerNamedObjectPath [0x77E87A9E+286]
RtlGetAppContainerNamedObjectPath [0x77E87A6E+238]

at java.base/jdk.internal.reflect.NativeConstructorAccessorImpl.newInstance0(Native Method)
at java.base/jdk.internal.reflect.NativeConstructorAccessorImpl.newInstance(NativeConstructorAccessorImpl.java:62)
at java.base/jdk.internal.reflect.DelegatingConstructorAccessorImpl.newInstance(DelegatingConstructorAccessorImpl.java:45)
at java.base/java.lang.reflect.Constructor.newInstanceWithCaller(Constructor.java:500)
at java.base/java.lang.reflect.Constructor.newInstance(Constructor.java:481)
at org.openqa.selenium.remote.W3CHandshakeResponse.lambda$errorHandler$0(W3CHandshakeResponse.java:62)
at org.openqa.selenium.remote.HandshakeResponse.lambda$getResponseFunction$0(HandshakeResponse.java:30)
at org.openqa.selenium.remote.ProtocolHandshake.lambda$createSession$0(ProtocolHandshake.java:126)
at java.base/java.util.stream.ReferencePipeline$3$1.accept(ReferencePipeline.java:195)
at java.base/java.util.Spliterators$ArraySpliterator.tryAdvance(Spliterators.java:958)
at java.base/java.util.stream.ReferencePipeline.forEachWithCancel(ReferencePipeline.java:127)
at java.base/java.util.stream.AbstractPipeline.copyIntoWithCancel(AbstractPipeline.java:502)
at java.base/java.util.stream.AbstractPipeline.copyInto(AbstractPipeline.java:488)
at java.base/java.util.stream.AbstractPipeline.wrapAndCopyInto(AbstractPipeline.java:474)
at java.base/java.util.stream.FindOps$FindOp.evaluateSequential(FindOps.java:150)
at java.base/java.util.stream.AbstractPipeline.evaluate(AbstractPipeline.java:234)
at java.base/java.util.stream.ReferencePipeline.findFirst(ReferencePipeline.java:543)
at org.openqa.selenium.remote.ProtocolHandshake.createSession(ProtocolHandshake.java:128)
at org.openqa.selenium.remote.ProtocolHandshake.createSession(ProtocolHandshake.java:74)
at org.openqa.selenium.remote.HttpCommandExecutor.execute(HttpCommandExecutor.java:136)
at org.openqa.selenium.remote.service.DriverCommandExecutor.execute(DriverCommandExecutor.java:83)
at org.openqa.selenium.remote.RemoteWebDriver.execute(RemoteWebDriver.java:552)
at org.openqa.selenium.remote.RemoteWebDriver.startSession(RemoteWebDriver.java:213)
at org.openqa.selenium.remote.RemoteWebDriver.<init>(RemoteWebDriver.java:131)
at org.openqa.selenium.chrome.ChromeDriver.<init>(ChromeDriver.java:181)
at org.openqa.selenium.chrome.ChromeDriver.<init>(ChromeDriver.java:168)
at org.openqa.selenium.chrome.ChromeDriver.<init>(ChromeDriver.java:123)
at com.selenium.testng.OrangeHRMLoginTestCase.preCondition(OrangeHRMLoginTestCase.java:18)
at java.base/jdk.internal.reflect.NativeMethodAccessorImpl.invoke0(Native Method)
at java.base/jdk.internal.reflect.NativeMethodAccessorImpl.invoke(NativeMethodAccessorImpl.java:62)
at java.base/jdk.internal.reflect.DelegatingMethodAccessorImpl.invoke(DelegatingMethodAccessorImpl.java:43)
at java.base/java.lang.reflect.Method.invoke(Method.java:564)
at org.testng.internal.MethodInvocationHelper.invokeMethod(MethodInvocationHelper.java:133)
at org.testng.internal.MethodInvocationHelper.invokeMethodConsideringTimeout(MethodInvocationHelper.java:62)
at org.testng.internal.ConfigInvoker.invokeConfigurationMethod(ConfigInvoker.java:385)
at org.testng.internal.ConfigInvoker.invokeConfigurations(ConfigInvoker.java:321)
at org.testng.TestRunner.invokeTestConfigurations(TestRunner.java:637)
at org.testng.TestRunner.beforeRun(TestRunner.java:627)
at org.testng.TestRunner.run(TestRunner.java:589)
at org.testng.SuiteRunner.runTest(SuiteRunner.java:377)
at org.testng.SuiteRunner.access$000(SuiteRunner.java:28)
at org.testng.SuiteRunner$SuiteWorker.run(SuiteRunner.java:418)
at org.testng.internal.thread.ThreadUtil.lambda$execute$0(ThreadUtil.java:64)
at java.base/java.util.concurrent.FutureTask.run(FutureTask.java:264)
at java.base/java.util.concurrent.ThreadPoolExecutor.runWorker(ThreadPoolExecutor.java:1130)
at java.base/java.util.concurrent.ThreadPoolExecutor$Worker.run(ThreadPoolExecutor.java:630)
at java.base/java.lang.Thread.run(Thread.java:832)
]]>
            </full-stacktrace>
          </exception> <!-- org.openqa.selenium.SessionNotCreatedException -->
          <reporter-output>
          </reporter-output>
        </test-method> <!-- preCondition -->
        <test-method signature="loginAdmin()[pri:0, instance:com.selenium.testng.OrangeHRMLoginTestCase@e15b7e8]" started-at="2022-02-13T21:04:36 IST" name="loginAdmin" description="Test case to verify &#039;admin&#039; login functionality" finished-at="2022-02-13T21:04:36 IST" duration-ms="0" status="SKIP">
          <exception class="org.openqa.selenium.SessionNotCreatedException">
            <message>
              <![CDATA[session not created: This version of ChromeDriver only supports Chrome version 94
Current browser version is 98.0.4758.82 with binary path C:\Program Files (x86)\Google\Chrome\Application\chrome.exe
Build info: version: '3.141.59', revision: 'e82be7d358', time: '2018-11-14T08:17:03'
System info: host: 'DESKTOP-GOTDN6L', ip: '192.168.1.28', os.name: 'Windows 10', os.arch: 'amd64', os.version: '10.0', java.version: '14.0.2'
Driver info: driver.version: ChromeDriver
remote stacktrace: Backtrace:
Ordinal0 [0x00B1BDE3+2473443]
Ordinal0 [0x00AB6661+2057825]
Ordinal0 [0x009C2438+1057848]
Ordinal0 [0x009E054A+1181002]
Ordinal0 [0x009DC435+1164341]
Ordinal0 [0x009D9CAF+1154223]
Ordinal0 [0x00A09ADF+1350367]
Ordinal0 [0x00A0974A+1349450]
Ordinal0 [0x00A055AB+1332651]
Ordinal0 [0x009E2104+1188100]
Ordinal0 [0x009E2F59+1191769]
GetHandleVerifier [0x00CA2266+1549718]
GetHandleVerifier [0x00D4D4A7+2250711]
GetHandleVerifier [0x00BA718B+521403]
GetHandleVerifier [0x00BA6229+517465]
Ordinal0 [0x00ABB79D+2078621]
Ordinal0 [0x00ABFB58+2095960]
Ordinal0 [0x00ABFC92+2096274]
Ordinal0 [0x00AC9541+2135361]
BaseThreadInitThunk [0x771FFA29+25]
RtlGetAppContainerNamedObjectPath [0x77E87A9E+286]
RtlGetAppContainerNamedObjectPath [0x77E87A6E+238]
]]>
            </message>
            <full-stacktrace>
              <![CDATA[org.openqa.selenium.SessionNotCreatedException: session not created: This version of ChromeDriver only supports Chrome version 94
Current browser version is 98.0.4758.82 with binary path C:\Program Files (x86)\Google\Chrome\Application\chrome.exe
Build info: version: '3.141.59', revision: 'e82be7d358', time: '2018-11-14T08:17:03'
System info: host: 'DESKTOP-GOTDN6L', ip: '192.168.1.28', os.name: 'Windows 10', os.arch: 'amd64', os.version: '10.0', java.version: '14.0.2'
Driver info: driver.version: ChromeDriver
remote stacktrace: Backtrace:
Ordinal0 [0x00B1BDE3+2473443]
Ordinal0 [0x00AB6661+2057825]
Ordinal0 [0x009C2438+1057848]
Ordinal0 [0x009E054A+1181002]
Ordinal0 [0x009DC435+1164341]
Ordinal0 [0x009D9CAF+1154223]
Ordinal0 [0x00A09ADF+1350367]
Ordinal0 [0x00A0974A+1349450]
Ordinal0 [0x00A055AB+1332651]
Ordinal0 [0x009E2104+1188100]
Ordinal0 [0x009E2F59+1191769]
GetHandleVerifier [0x00CA2266+1549718]
GetHandleVerifier [0x00D4D4A7+2250711]
GetHandleVerifier [0x00BA718B+521403]
GetHandleVerifier [0x00BA6229+517465]
Ordinal0 [0x00ABB79D+2078621]
Ordinal0 [0x00ABFB58+2095960]
Ordinal0 [0x00ABFC92+2096274]
Ordinal0 [0x00AC9541+2135361]
BaseThreadInitThunk [0x771FFA29+25]
RtlGetAppContainerNamedObjectPath [0x77E87A9E+286]
RtlGetAppContainerNamedObjectPath [0x77E87A6E+238]

at java.base/jdk.internal.reflect.NativeConstructorAccessorImpl.newInstance0(Native Method)
at java.base/jdk.internal.reflect.NativeConstructorAccessorImpl.newInstance(NativeConstructorAccessorImpl.java:62)
at java.base/jdk.internal.reflect.DelegatingConstructorAccessorImpl.newInstance(DelegatingConstructorAccessorImpl.java:45)
at java.base/java.lang.reflect.Constructor.newInstanceWithCaller(Constructor.java:500)
at java.base/java.lang.reflect.Constructor.newInstance(Constructor.java:481)
at org.openqa.selenium.remote.W3CHandshakeResponse.lambda$errorHandler$0(W3CHandshakeResponse.java:62)
at org.openqa.selenium.remote.HandshakeResponse.lambda$getResponseFunction$0(HandshakeResponse.java:30)
at org.openqa.selenium.remote.ProtocolHandshake.lambda$createSession$0(ProtocolHandshake.java:126)
at java.base/java.util.stream.ReferencePipeline$3$1.accept(ReferencePipeline.java:195)
at java.base/java.util.Spliterators$ArraySpliterator.tryAdvance(Spliterators.java:958)
at java.base/java.util.stream.ReferencePipeline.forEachWithCancel(ReferencePipeline.java:127)
at java.base/java.util.stream.AbstractPipeline.copyIntoWithCancel(AbstractPipeline.java:502)
at java.base/java.util.stream.AbstractPipeline.copyInto(AbstractPipeline.java:488)
at java.base/java.util.stream.AbstractPipeline.wrapAndCopyInto(AbstractPipeline.java:474)
at java.base/java.util.stream.FindOps$FindOp.evaluateSequential(FindOps.java:150)
at java.base/java.util.stream.AbstractPipeline.evaluate(AbstractPipeline.java:234)
at java.base/java.util.stream.ReferencePipeline.findFirst(ReferencePipeline.java:543)
at org.openqa.selenium.remote.ProtocolHandshake.createSession(ProtocolHandshake.java:128)
at org.openqa.selenium.remote.ProtocolHandshake.createSession(ProtocolHandshake.java:74)
at org.openqa.selenium.remote.HttpCommandExecutor.execute(HttpCommandExecutor.java:136)
at org.openqa.selenium.remote.service.DriverCommandExecutor.execute(DriverCommandExecutor.java:83)
at org.openqa.selenium.remote.RemoteWebDriver.execute(RemoteWebDriver.java:552)
at org.openqa.selenium.remote.RemoteWebDriver.startSession(RemoteWebDriver.java:213)
at org.openqa.selenium.remote.RemoteWebDriver.<init>(RemoteWebDriver.java:131)
at org.openqa.selenium.chrome.ChromeDriver.<init>(ChromeDriver.java:181)
at org.openqa.selenium.chrome.ChromeDriver.<init>(ChromeDriver.java:168)
at org.openqa.selenium.chrome.ChromeDriver.<init>(ChromeDriver.java:123)
at com.selenium.testng.OrangeHRMLoginTestCase.preCondition(OrangeHRMLoginTestCase.java:18)
at java.base/jdk.internal.reflect.NativeMethodAccessorImpl.invoke0(Native Method)
at java.base/jdk.internal.reflect.NativeMethodAccessorImpl.invoke(NativeMethodAccessorImpl.java:62)
at java.base/jdk.internal.reflect.DelegatingMethodAccessorImpl.invoke(DelegatingMethodAccessorImpl.java:43)
at java.base/java.lang.reflect.Method.invoke(Method.java:564)
at org.testng.internal.MethodInvocationHelper.invokeMethod(MethodInvocationHelper.java:133)
at org.testng.internal.MethodInvocationHelper.invokeMethodConsideringTimeout(MethodInvocationHelper.java:62)
at org.testng.internal.ConfigInvoker.invokeConfigurationMethod(ConfigInvoker.java:385)
at org.testng.internal.ConfigInvoker.invokeConfigurations(ConfigInvoker.java:321)
at org.testng.TestRunner.invokeTestConfigurations(TestRunner.java:637)
at org.testng.TestRunner.beforeRun(TestRunner.java:627)
at org.testng.TestRunner.run(TestRunner.java:589)
at org.testng.SuiteRunner.runTest(SuiteRunner.java:377)
at org.testng.SuiteRunner.access$000(SuiteRunner.java:28)
at org.testng.SuiteRunner$SuiteWorker.run(SuiteRunner.java:418)
at org.testng.internal.thread.ThreadUtil.lambda$execute$0(ThreadUtil.java:64)
at java.base/java.util.concurrent.FutureTask.run(FutureTask.java:264)
at java.base/java.util.concurrent.ThreadPoolExecutor.runWorker(ThreadPoolExecutor.java:1130)
at java.base/java.util.concurrent.ThreadPoolExecutor$Worker.run(ThreadPoolExecutor.java:630)
at java.base/java.lang.Thread.run(Thread.java:832)
]]>
            </full-stacktrace>
          </exception> <!-- org.openqa.selenium.SessionNotCreatedException -->
          <reporter-output>
          </reporter-output>
        </test-method> <!-- loginAdmin -->
        <test-method is-config="true" signature="postCondition()[pri:0, instance:com.selenium.testng.OrangeHRMLoginTestCase@e15b7e8]" started-at="2022-02-13T21:04:36 IST" name="postCondition" finished-at="1970-01-01T05:30:00 IST" duration-ms="-1644766476447" status="SKIP">
          <reporter-output>
          </reporter-output>
        </test-method> <!-- postCondition -->
      </class> <!-- com.selenium.testng.OrangeHRMLoginTestCase -->
    </test> <!-- TC 02 - Orange HRM Login -->
    <test started-at="2022-02-13T21:04:25 IST" name="TC 01 - Mutual Fund Login" finished-at="2022-02-13T21:04:36 IST" duration-ms="11015">
      <class name="com.selenium.testng.MutualFundLoginTestCase">
        <test-method is-config="true" signature="preCondition()[pri:0, instance:com.selenium.testng.MutualFundLoginTestCase@57d7f8ca]" started-at="2022-02-13T21:04:25 IST" name="preCondition" finished-at="2022-02-13T21:04:36 IST" duration-ms="10792" status="FAIL">
          <exception class="org.openqa.selenium.SessionNotCreatedException">
            <message>
              <![CDATA[session not created: This version of ChromeDriver only supports Chrome version 94
Current browser version is 98.0.4758.82 with binary path C:\Program Files (x86)\Google\Chrome\Application\chrome.exe
Build info: version: '3.141.59', revision: 'e82be7d358', time: '2018-11-14T08:17:03'
System info: host: 'DESKTOP-GOTDN6L', ip: '192.168.1.28', os.name: 'Windows 10', os.arch: 'amd64', os.version: '10.0', java.version: '14.0.2'
Driver info: driver.version: ChromeDriver
remote stacktrace: Backtrace:
Ordinal0 [0x00B1BDE3+2473443]
Ordinal0 [0x00AB6661+2057825]
Ordinal0 [0x009C2438+1057848]
Ordinal0 [0x009E054A+1181002]
Ordinal0 [0x009DC435+1164341]
Ordinal0 [0x009D9CAF+1154223]
Ordinal0 [0x00A09ADF+1350367]
Ordinal0 [0x00A0974A+1349450]
Ordinal0 [0x00A055AB+1332651]
Ordinal0 [0x009E2104+1188100]
Ordinal0 [0x009E2F59+1191769]
GetHandleVerifier [0x00CA2266+1549718]
GetHandleVerifier [0x00D4D4A7+2250711]
GetHandleVerifier [0x00BA718B+521403]
GetHandleVerifier [0x00BA6229+517465]
Ordinal0 [0x00ABB79D+2078621]
Ordinal0 [0x00ABFB58+2095960]
Ordinal0 [0x00ABFC92+2096274]
Ordinal0 [0x00AC9541+2135361]
BaseThreadInitThunk [0x771FFA29+25]
RtlGetAppContainerNamedObjectPath [0x77E87A9E+286]
RtlGetAppContainerNamedObjectPath [0x77E87A6E+238]
]]>
            </message>
            <full-stacktrace>
              <![CDATA[org.openqa.selenium.SessionNotCreatedException: session not created: This version of ChromeDriver only supports Chrome version 94
Current browser version is 98.0.4758.82 with binary path C:\Program Files (x86)\Google\Chrome\Application\chrome.exe
Build info: version: '3.141.59', revision: 'e82be7d358', time: '2018-11-14T08:17:03'
System info: host: 'DESKTOP-GOTDN6L', ip: '192.168.1.28', os.name: 'Windows 10', os.arch: 'amd64', os.version: '10.0', java.version: '14.0.2'
Driver info: driver.version: ChromeDriver
remote stacktrace: Backtrace:
Ordinal0 [0x00B1BDE3+2473443]
Ordinal0 [0x00AB6661+2057825]
Ordinal0 [0x009C2438+1057848]
Ordinal0 [0x009E054A+1181002]
Ordinal0 [0x009DC435+1164341]
Ordinal0 [0x009D9CAF+1154223]
Ordinal0 [0x00A09ADF+1350367]
Ordinal0 [0x00A0974A+1349450]
Ordinal0 [0x00A055AB+1332651]
Ordinal0 [0x009E2104+1188100]
Ordinal0 [0x009E2F59+1191769]
GetHandleVerifier [0x00CA2266+1549718]
GetHandleVerifier [0x00D4D4A7+2250711]
GetHandleVerifier [0x00BA718B+521403]
GetHandleVerifier [0x00BA6229+517465]
Ordinal0 [0x00ABB79D+2078621]
Ordinal0 [0x00ABFB58+2095960]
Ordinal0 [0x00ABFC92+2096274]
Ordinal0 [0x00AC9541+2135361]
BaseThreadInitThunk [0x771FFA29+25]
RtlGetAppContainerNamedObjectPath [0x77E87A9E+286]
RtlGetAppContainerNamedObjectPath [0x77E87A6E+238]

at java.base/jdk.internal.reflect.NativeConstructorAccessorImpl.newInstance0(Native Method)
at java.base/jdk.internal.reflect.NativeConstructorAccessorImpl.newInstance(NativeConstructorAccessorImpl.java:62)
at java.base/jdk.internal.reflect.DelegatingConstructorAccessorImpl.newInstance(DelegatingConstructorAccessorImpl.java:45)
at java.base/java.lang.reflect.Constructor.newInstanceWithCaller(Constructor.java:500)
at java.base/java.lang.reflect.Constructor.newInstance(Constructor.java:481)
at org.openqa.selenium.remote.W3CHandshakeResponse.lambda$errorHandler$0(W3CHandshakeResponse.java:62)
at org.openqa.selenium.remote.HandshakeResponse.lambda$getResponseFunction$0(HandshakeResponse.java:30)
at org.openqa.selenium.remote.ProtocolHandshake.lambda$createSession$0(ProtocolHandshake.java:126)
at java.base/java.util.stream.ReferencePipeline$3$1.accept(ReferencePipeline.java:195)
at java.base/java.util.Spliterators$ArraySpliterator.tryAdvance(Spliterators.java:958)
at java.base/java.util.stream.ReferencePipeline.forEachWithCancel(ReferencePipeline.java:127)
at java.base/java.util.stream.AbstractPipeline.copyIntoWithCancel(AbstractPipeline.java:502)
at java.base/java.util.stream.AbstractPipeline.copyInto(AbstractPipeline.java:488)
at java.base/java.util.stream.AbstractPipeline.wrapAndCopyInto(AbstractPipeline.java:474)
at java.base/java.util.stream.FindOps$FindOp.evaluateSequential(FindOps.java:150)
at java.base/java.util.stream.AbstractPipeline.evaluate(AbstractPipeline.java:234)
at java.base/java.util.stream.ReferencePipeline.findFirst(ReferencePipeline.java:543)
at org.openqa.selenium.remote.ProtocolHandshake.createSession(ProtocolHandshake.java:128)
at org.openqa.selenium.remote.ProtocolHandshake.createSession(ProtocolHandshake.java:74)
at org.openqa.selenium.remote.HttpCommandExecutor.execute(HttpCommandExecutor.java:136)
at org.openqa.selenium.remote.service.DriverCommandExecutor.execute(DriverCommandExecutor.java:83)
at org.openqa.selenium.remote.RemoteWebDriver.execute(RemoteWebDriver.java:552)
at org.openqa.selenium.remote.RemoteWebDriver.startSession(RemoteWebDriver.java:213)
at org.openqa.selenium.remote.RemoteWebDriver.<init>(RemoteWebDriver.java:131)
at org.openqa.selenium.chrome.ChromeDriver.<init>(ChromeDriver.java:181)
at org.openqa.selenium.chrome.ChromeDriver.<init>(ChromeDriver.java:168)
at org.openqa.selenium.chrome.ChromeDriver.<init>(ChromeDriver.java:123)
at com.selenium.testng.MutualFundLoginTestCase.preCondition(MutualFundLoginTestCase.java:19)
at java.base/jdk.internal.reflect.NativeMethodAccessorImpl.invoke0(Native Method)
at java.base/jdk.internal.reflect.NativeMethodAccessorImpl.invoke(NativeMethodAccessorImpl.java:62)
at java.base/jdk.internal.reflect.DelegatingMethodAccessorImpl.invoke(DelegatingMethodAccessorImpl.java:43)
at java.base/java.lang.reflect.Method.invoke(Method.java:564)
at org.testng.internal.MethodInvocationHelper.invokeMethod(MethodInvocationHelper.java:133)
at org.testng.internal.MethodInvocationHelper.invokeMethodConsideringTimeout(MethodInvocationHelper.java:62)
at org.testng.internal.ConfigInvoker.invokeConfigurationMethod(ConfigInvoker.java:385)
at org.testng.internal.ConfigInvoker.invokeConfigurations(ConfigInvoker.java:321)
at org.testng.internal.TestMethodWorker.invokeBeforeClassMethods(TestMethodWorker.java:176)
at org.testng.internal.TestMethodWorker.run(TestMethodWorker.java:122)
at java.base/java.util.ArrayList.forEach(ArrayList.java:1511)
at org.testng.TestRunner.privateRun(TestRunner.java:794)
at org.testng.TestRunner.run(TestRunner.java:596)
at org.testng.SuiteRunner.runTest(SuiteRunner.java:377)
at org.testng.SuiteRunner.access$000(SuiteRunner.java:28)
at org.testng.SuiteRunner$SuiteWorker.run(SuiteRunner.java:418)
at org.testng.internal.thread.ThreadUtil.lambda$execute$0(ThreadUtil.java:64)
at java.base/java.util.concurrent.FutureTask.run(FutureTask.java:264)
at java.base/java.util.concurrent.ThreadPoolExecutor.runWorker(ThreadPoolExecutor.java:1130)
at java.base/java.util.concurrent.ThreadPoolExecutor$Worker.run(ThreadPoolExecutor.java:630)
at java.base/java.lang.Thread.run(Thread.java:832)
]]>
            </full-stacktrace>
          </exception> <!-- org.openqa.selenium.SessionNotCreatedException -->
          <reporter-output>
          </reporter-output>
        </test-method> <!-- preCondition -->
        <test-method signature="loginAdmin()[pri:0, instance:com.selenium.testng.MutualFundLoginTestCase@57d7f8ca]" started-at="2022-02-13T21:04:36 IST" name="loginAdmin" description="Test case to verify &#039;admin&#039; login functionality" finished-at="2022-02-13T21:04:36 IST" duration-ms="0" status="SKIP">
          <exception class="org.openqa.selenium.SessionNotCreatedException">
            <message>
              <![CDATA[session not created: This version of ChromeDriver only supports Chrome version 94
Current browser version is 98.0.4758.82 with binary path C:\Program Files (x86)\Google\Chrome\Application\chrome.exe
Build info: version: '3.141.59', revision: 'e82be7d358', time: '2018-11-14T08:17:03'
System info: host: 'DESKTOP-GOTDN6L', ip: '192.168.1.28', os.name: 'Windows 10', os.arch: 'amd64', os.version: '10.0', java.version: '14.0.2'
Driver info: driver.version: ChromeDriver
remote stacktrace: Backtrace:
Ordinal0 [0x00B1BDE3+2473443]
Ordinal0 [0x00AB6661+2057825]
Ordinal0 [0x009C2438+1057848]
Ordinal0 [0x009E054A+1181002]
Ordinal0 [0x009DC435+1164341]
Ordinal0 [0x009D9CAF+1154223]
Ordinal0 [0x00A09ADF+1350367]
Ordinal0 [0x00A0974A+1349450]
Ordinal0 [0x00A055AB+1332651]
Ordinal0 [0x009E2104+1188100]
Ordinal0 [0x009E2F59+1191769]
GetHandleVerifier [0x00CA2266+1549718]
GetHandleVerifier [0x00D4D4A7+2250711]
GetHandleVerifier [0x00BA718B+521403]
GetHandleVerifier [0x00BA6229+517465]
Ordinal0 [0x00ABB79D+2078621]
Ordinal0 [0x00ABFB58+2095960]
Ordinal0 [0x00ABFC92+2096274]
Ordinal0 [0x00AC9541+2135361]
BaseThreadInitThunk [0x771FFA29+25]
RtlGetAppContainerNamedObjectPath [0x77E87A9E+286]
RtlGetAppContainerNamedObjectPath [0x77E87A6E+238]
]]>
            </message>
            <full-stacktrace>
              <![CDATA[org.openqa.selenium.SessionNotCreatedException: session not created: This version of ChromeDriver only supports Chrome version 94
Current browser version is 98.0.4758.82 with binary path C:\Program Files (x86)\Google\Chrome\Application\chrome.exe
Build info: version: '3.141.59', revision: 'e82be7d358', time: '2018-11-14T08:17:03'
System info: host: 'DESKTOP-GOTDN6L', ip: '192.168.1.28', os.name: 'Windows 10', os.arch: 'amd64', os.version: '10.0', java.version: '14.0.2'
Driver info: driver.version: ChromeDriver
remote stacktrace: Backtrace:
Ordinal0 [0x00B1BDE3+2473443]
Ordinal0 [0x00AB6661+2057825]
Ordinal0 [0x009C2438+1057848]
Ordinal0 [0x009E054A+1181002]
Ordinal0 [0x009DC435+1164341]
Ordinal0 [0x009D9CAF+1154223]
Ordinal0 [0x00A09ADF+1350367]
Ordinal0 [0x00A0974A+1349450]
Ordinal0 [0x00A055AB+1332651]
Ordinal0 [0x009E2104+1188100]
Ordinal0 [0x009E2F59+1191769]
GetHandleVerifier [0x00CA2266+1549718]
GetHandleVerifier [0x00D4D4A7+2250711]
GetHandleVerifier [0x00BA718B+521403]
GetHandleVerifier [0x00BA6229+517465]
Ordinal0 [0x00ABB79D+2078621]
Ordinal0 [0x00ABFB58+2095960]
Ordinal0 [0x00ABFC92+2096274]
Ordinal0 [0x00AC9541+2135361]
BaseThreadInitThunk [0x771FFA29+25]
RtlGetAppContainerNamedObjectPath [0x77E87A9E+286]
RtlGetAppContainerNamedObjectPath [0x77E87A6E+238]

at java.base/jdk.internal.reflect.NativeConstructorAccessorImpl.newInstance0(Native Method)
at java.base/jdk.internal.reflect.NativeConstructorAccessorImpl.newInstance(NativeConstructorAccessorImpl.java:62)
at java.base/jdk.internal.reflect.DelegatingConstructorAccessorImpl.newInstance(DelegatingConstructorAccessorImpl.java:45)
at java.base/java.lang.reflect.Constructor.newInstanceWithCaller(Constructor.java:500)
at java.base/java.lang.reflect.Constructor.newInstance(Constructor.java:481)
at org.openqa.selenium.remote.W3CHandshakeResponse.lambda$errorHandler$0(W3CHandshakeResponse.java:62)
at org.openqa.selenium.remote.HandshakeResponse.lambda$getResponseFunction$0(HandshakeResponse.java:30)
at org.openqa.selenium.remote.ProtocolHandshake.lambda$createSession$0(ProtocolHandshake.java:126)
at java.base/java.util.stream.ReferencePipeline$3$1.accept(ReferencePipeline.java:195)
at java.base/java.util.Spliterators$ArraySpliterator.tryAdvance(Spliterators.java:958)
at java.base/java.util.stream.ReferencePipeline.forEachWithCancel(ReferencePipeline.java:127)
at java.base/java.util.stream.AbstractPipeline.copyIntoWithCancel(AbstractPipeline.java:502)
at java.base/java.util.stream.AbstractPipeline.copyInto(AbstractPipeline.java:488)
at java.base/java.util.stream.AbstractPipeline.wrapAndCopyInto(AbstractPipeline.java:474)
at java.base/java.util.stream.FindOps$FindOp.evaluateSequential(FindOps.java:150)
at java.base/java.util.stream.AbstractPipeline.evaluate(AbstractPipeline.java:234)
at java.base/java.util.stream.ReferencePipeline.findFirst(ReferencePipeline.java:543)
at org.openqa.selenium.remote.ProtocolHandshake.createSession(ProtocolHandshake.java:128)
at org.openqa.selenium.remote.ProtocolHandshake.createSession(ProtocolHandshake.java:74)
at org.openqa.selenium.remote.HttpCommandExecutor.execute(HttpCommandExecutor.java:136)
at org.openqa.selenium.remote.service.DriverCommandExecutor.execute(DriverCommandExecutor.java:83)
at org.openqa.selenium.remote.RemoteWebDriver.execute(RemoteWebDriver.java:552)
at org.openqa.selenium.remote.RemoteWebDriver.startSession(RemoteWebDriver.java:213)
at org.openqa.selenium.remote.RemoteWebDriver.<init>(RemoteWebDriver.java:131)
at org.openqa.selenium.chrome.ChromeDriver.<init>(ChromeDriver.java:181)
at org.openqa.selenium.chrome.ChromeDriver.<init>(ChromeDriver.java:168)
at org.openqa.selenium.chrome.ChromeDriver.<init>(ChromeDriver.java:123)
at com.selenium.testng.MutualFundLoginTestCase.preCondition(MutualFundLoginTestCase.java:19)
at java.base/jdk.internal.reflect.NativeMethodAccessorImpl.invoke0(Native Method)
at java.base/jdk.internal.reflect.NativeMethodAccessorImpl.invoke(NativeMethodAccessorImpl.java:62)
at java.base/jdk.internal.reflect.DelegatingMethodAccessorImpl.invoke(DelegatingMethodAccessorImpl.java:43)
at java.base/java.lang.reflect.Method.invoke(Method.java:564)
at org.testng.internal.MethodInvocationHelper.invokeMethod(MethodInvocationHelper.java:133)
at org.testng.internal.MethodInvocationHelper.invokeMethodConsideringTimeout(MethodInvocationHelper.java:62)
at org.testng.internal.ConfigInvoker.invokeConfigurationMethod(ConfigInvoker.java:385)
at org.testng.internal.ConfigInvoker.invokeConfigurations(ConfigInvoker.java:321)
at org.testng.internal.TestMethodWorker.invokeBeforeClassMethods(TestMethodWorker.java:176)
at org.testng.internal.TestMethodWorker.run(TestMethodWorker.java:122)
at java.base/java.util.ArrayList.forEach(ArrayList.java:1511)
at org.testng.TestRunner.privateRun(TestRunner.java:794)
at org.testng.TestRunner.run(TestRunner.java:596)
at org.testng.SuiteRunner.runTest(SuiteRunner.java:377)
at org.testng.SuiteRunner.access$000(SuiteRunner.java:28)
at org.testng.SuiteRunner$SuiteWorker.run(SuiteRunner.java:418)
at org.testng.internal.thread.ThreadUtil.lambda$execute$0(ThreadUtil.java:64)
at java.base/java.util.concurrent.FutureTask.run(FutureTask.java:264)
at java.base/java.util.concurrent.ThreadPoolExecutor.runWorker(ThreadPoolExecutor.java:1130)
at java.base/java.util.concurrent.ThreadPoolExecutor$Worker.run(ThreadPoolExecutor.java:630)
at java.base/java.lang.Thread.run(Thread.java:832)
]]>
            </full-stacktrace>
          </exception> <!-- org.openqa.selenium.SessionNotCreatedException -->
          <reporter-output>
          </reporter-output>
        </test-method> <!-- loginAdmin -->
        <test-method signature="loginSpeed()[pri:2, instance:com.selenium.testng.MutualFundLoginTestCase@57d7f8ca]" started-at="2022-02-13T21:04:36 IST" name="loginSpeed" description="Test case to verify &#039;sspeed&#039; login functionality" finished-at="2022-02-13T21:04:36 IST" depends-on-methods="com.selenium.testng.MutualFundLoginTestCase.loginAdmin" duration-ms="0" status="SKIP">
          <exception class="java.lang.Throwable">
            <message>
              <![CDATA[Method MutualFundLoginTestCase.loginSpeed()[pri:2, instance:com.selenium.testng.MutualFundLoginTestCase@57d7f8ca] depends on not successfully finished methods]]>
            </message>
            <full-stacktrace>
              <![CDATA[java.lang.Throwable: Method MutualFundLoginTestCase.loginSpeed()[pri:2, instance:com.selenium.testng.MutualFundLoginTestCase@57d7f8ca] depends on not successfully finished methods
at org.testng.internal.TestInvoker.invokeTestMethods(TestInvoker.java:102)
at org.testng.internal.TestMethodWorker.invokeTestMethods(TestMethodWorker.java:146)
at org.testng.internal.TestMethodWorker.run(TestMethodWorker.java:128)
at java.base/java.util.ArrayList.forEach(ArrayList.java:1511)
at org.testng.TestRunner.privateRun(TestRunner.java:794)
at org.testng.TestRunner.run(TestRunner.java:596)
at org.testng.SuiteRunner.runTest(SuiteRunner.java:377)
at org.testng.SuiteRunner.access$000(SuiteRunner.java:28)
at org.testng.SuiteRunner$SuiteWorker.run(SuiteRunner.java:418)
at org.testng.internal.thread.ThreadUtil.lambda$execute$0(ThreadUtil.java:64)
at java.base/java.util.concurrent.FutureTask.run(FutureTask.java:264)
at java.base/java.util.concurrent.ThreadPoolExecutor.runWorker(ThreadPoolExecutor.java:1130)
at java.base/java.util.concurrent.ThreadPoolExecutor$Worker.run(ThreadPoolExecutor.java:630)
at java.base/java.lang.Thread.run(Thread.java:832)
]]>
            </full-stacktrace>
          </exception> <!-- java.lang.Throwable -->
          <reporter-output>
          </reporter-output>
        </test-method> <!-- loginSpeed -->
        <test-method is-config="true" signature="postCondition()[pri:0, instance:com.selenium.testng.MutualFundLoginTestCase@57d7f8ca]" started-at="2022-02-13T21:04:36 IST" name="postCondition" finished-at="1970-01-01T05:30:00 IST" duration-ms="-1644766476455" status="SKIP">
          <reporter-output>
          </reporter-output>
        </test-method> <!-- postCondition -->
      </class> <!-- com.selenium.testng.MutualFundLoginTestCase -->
    </test> <!-- TC 01 - Mutual Fund Login -->
    <test started-at="2022-02-13T21:04:25 IST" name="TC 03 - Zoopla using Hard Assert" finished-at="2022-02-13T21:04:36 IST" duration-ms="11545">
      <class name="com.selenium.testng.HardAssertTest">
        <test-method is-config="true" signature="beforeTest()[pri:0, instance:com.selenium.testng.HardAssertTest@2ea41516]" started-at="2022-02-13T21:04:25 IST" name="beforeTest" finished-at="2022-02-13T21:04:36 IST" duration-ms="11386" status="FAIL">
          <exception class="org.openqa.selenium.SessionNotCreatedException">
            <message>
              <![CDATA[session not created: This version of ChromeDriver only supports Chrome version 94
Current browser version is 98.0.4758.82 with binary path C:\Program Files (x86)\Google\Chrome\Application\chrome.exe
Build info: version: '3.141.59', revision: 'e82be7d358', time: '2018-11-14T08:17:03'
System info: host: 'DESKTOP-GOTDN6L', ip: '192.168.1.28', os.name: 'Windows 10', os.arch: 'amd64', os.version: '10.0', java.version: '14.0.2'
Driver info: driver.version: ChromeDriver
remote stacktrace: Backtrace:
Ordinal0 [0x00B1BDE3+2473443]
Ordinal0 [0x00AB6661+2057825]
Ordinal0 [0x009C2438+1057848]
Ordinal0 [0x009E054A+1181002]
Ordinal0 [0x009DC435+1164341]
Ordinal0 [0x009D9CAF+1154223]
Ordinal0 [0x00A09ADF+1350367]
Ordinal0 [0x00A0974A+1349450]
Ordinal0 [0x00A055AB+1332651]
Ordinal0 [0x009E2104+1188100]
Ordinal0 [0x009E2F59+1191769]
GetHandleVerifier [0x00CA2266+1549718]
GetHandleVerifier [0x00D4D4A7+2250711]
GetHandleVerifier [0x00BA718B+521403]
GetHandleVerifier [0x00BA6229+517465]
Ordinal0 [0x00ABB79D+2078621]
Ordinal0 [0x00ABFB58+2095960]
Ordinal0 [0x00ABFC92+2096274]
Ordinal0 [0x00AC9541+2135361]
BaseThreadInitThunk [0x771FFA29+25]
RtlGetAppContainerNamedObjectPath [0x77E87A9E+286]
RtlGetAppContainerNamedObjectPath [0x77E87A6E+238]
]]>
            </message>
            <full-stacktrace>
              <![CDATA[org.openqa.selenium.SessionNotCreatedException: session not created: This version of ChromeDriver only supports Chrome version 94
Current browser version is 98.0.4758.82 with binary path C:\Program Files (x86)\Google\Chrome\Application\chrome.exe
Build info: version: '3.141.59', revision: 'e82be7d358', time: '2018-11-14T08:17:03'
System info: host: 'DESKTOP-GOTDN6L', ip: '192.168.1.28', os.name: 'Windows 10', os.arch: 'amd64', os.version: '10.0', java.version: '14.0.2'
Driver info: driver.version: ChromeDriver
remote stacktrace: Backtrace:
Ordinal0 [0x00B1BDE3+2473443]
Ordinal0 [0x00AB6661+2057825]
Ordinal0 [0x009C2438+1057848]
Ordinal0 [0x009E054A+1181002]
Ordinal0 [0x009DC435+1164341]
Ordinal0 [0x009D9CAF+1154223]
Ordinal0 [0x00A09ADF+1350367]
Ordinal0 [0x00A0974A+1349450]
Ordinal0 [0x00A055AB+1332651]
Ordinal0 [0x009E2104+1188100]
Ordinal0 [0x009E2F59+1191769]
GetHandleVerifier [0x00CA2266+1549718]
GetHandleVerifier [0x00D4D4A7+2250711]
GetHandleVerifier [0x00BA718B+521403]
GetHandleVerifier [0x00BA6229+517465]
Ordinal0 [0x00ABB79D+2078621]
Ordinal0 [0x00ABFB58+2095960]
Ordinal0 [0x00ABFC92+2096274]
Ordinal0 [0x00AC9541+2135361]
BaseThreadInitThunk [0x771FFA29+25]
RtlGetAppContainerNamedObjectPath [0x77E87A9E+286]
RtlGetAppContainerNamedObjectPath [0x77E87A6E+238]

at java.base/jdk.internal.reflect.NativeConstructorAccessorImpl.newInstance0(Native Method)
at java.base/jdk.internal.reflect.NativeConstructorAccessorImpl.newInstance(NativeConstructorAccessorImpl.java:62)
at java.base/jdk.internal.reflect.DelegatingConstructorAccessorImpl.newInstance(DelegatingConstructorAccessorImpl.java:45)
at java.base/java.lang.reflect.Constructor.newInstanceWithCaller(Constructor.java:500)
at java.base/java.lang.reflect.Constructor.newInstance(Constructor.java:481)
at org.openqa.selenium.remote.W3CHandshakeResponse.lambda$errorHandler$0(W3CHandshakeResponse.java:62)
at org.openqa.selenium.remote.HandshakeResponse.lambda$getResponseFunction$0(HandshakeResponse.java:30)
at org.openqa.selenium.remote.ProtocolHandshake.lambda$createSession$0(ProtocolHandshake.java:126)
at java.base/java.util.stream.ReferencePipeline$3$1.accept(ReferencePipeline.java:195)
at java.base/java.util.Spliterators$ArraySpliterator.tryAdvance(Spliterators.java:958)
at java.base/java.util.stream.ReferencePipeline.forEachWithCancel(ReferencePipeline.java:127)
at java.base/java.util.stream.AbstractPipeline.copyIntoWithCancel(AbstractPipeline.java:502)
at java.base/java.util.stream.AbstractPipeline.copyInto(AbstractPipeline.java:488)
at java.base/java.util.stream.AbstractPipeline.wrapAndCopyInto(AbstractPipeline.java:474)
at java.base/java.util.stream.FindOps$FindOp.evaluateSequential(FindOps.java:150)
at java.base/java.util.stream.AbstractPipeline.evaluate(AbstractPipeline.java:234)
at java.base/java.util.stream.ReferencePipeline.findFirst(ReferencePipeline.java:543)
at org.openqa.selenium.remote.ProtocolHandshake.createSession(ProtocolHandshake.java:128)
at org.openqa.selenium.remote.ProtocolHandshake.createSession(ProtocolHandshake.java:74)
at org.openqa.selenium.remote.HttpCommandExecutor.execute(HttpCommandExecutor.java:136)
at org.openqa.selenium.remote.service.DriverCommandExecutor.execute(DriverCommandExecutor.java:83)
at org.openqa.selenium.remote.RemoteWebDriver.execute(RemoteWebDriver.java:552)
at org.openqa.selenium.remote.RemoteWebDriver.startSession(RemoteWebDriver.java:213)
at org.openqa.selenium.remote.RemoteWebDriver.<init>(RemoteWebDriver.java:131)
at org.openqa.selenium.chrome.ChromeDriver.<init>(ChromeDriver.java:181)
at org.openqa.selenium.chrome.ChromeDriver.<init>(ChromeDriver.java:168)
at org.openqa.selenium.chrome.ChromeDriver.<init>(ChromeDriver.java:123)
at com.selenium.testng.HardAssertTest.beforeTest(HardAssertTest.java:26)
at java.base/jdk.internal.reflect.NativeMethodAccessorImpl.invoke0(Native Method)
at java.base/jdk.internal.reflect.NativeMethodAccessorImpl.invoke(NativeMethodAccessorImpl.java:62)
at java.base/jdk.internal.reflect.DelegatingMethodAccessorImpl.invoke(DelegatingMethodAccessorImpl.java:43)
at java.base/java.lang.reflect.Method.invoke(Method.java:564)
at org.testng.internal.MethodInvocationHelper.invokeMethod(MethodInvocationHelper.java:133)
at org.testng.internal.MethodInvocationHelper.invokeMethodConsideringTimeout(MethodInvocationHelper.java:62)
at org.testng.internal.ConfigInvoker.invokeConfigurationMethod(ConfigInvoker.java:385)
at org.testng.internal.ConfigInvoker.invokeConfigurations(ConfigInvoker.java:321)
at org.testng.TestRunner.invokeTestConfigurations(TestRunner.java:637)
at org.testng.TestRunner.beforeRun(TestRunner.java:627)
at org.testng.TestRunner.run(TestRunner.java:589)
at org.testng.SuiteRunner.runTest(SuiteRunner.java:377)
at org.testng.SuiteRunner.access$000(SuiteRunner.java:28)
at org.testng.SuiteRunner$SuiteWorker.run(SuiteRunner.java:418)
at org.testng.internal.thread.ThreadUtil.lambda$execute$0(ThreadUtil.java:64)
at java.base/java.util.concurrent.FutureTask.run(FutureTask.java:264)
at java.base/java.util.concurrent.ThreadPoolExecutor.runWorker(ThreadPoolExecutor.java:1130)
at java.base/java.util.concurrent.ThreadPoolExecutor$Worker.run(ThreadPoolExecutor.java:630)
at java.base/java.lang.Thread.run(Thread.java:832)
]]>
            </full-stacktrace>
          </exception> <!-- org.openqa.selenium.SessionNotCreatedException -->
          <reporter-output>
          </reporter-output>
        </test-method> <!-- beforeTest -->
        <test-method signature="homePageTest()[pri:0, instance:com.selenium.testng.HardAssertTest@2ea41516]" started-at="2022-02-13T21:04:36 IST" name="homePageTest" description="Test case to verify home page functionality" finished-at="2022-02-13T21:04:36 IST" duration-ms="0" status="SKIP">
          <exception class="org.openqa.selenium.SessionNotCreatedException">
            <message>
              <![CDATA[session not created: This version of ChromeDriver only supports Chrome version 94
Current browser version is 98.0.4758.82 with binary path C:\Program Files (x86)\Google\Chrome\Application\chrome.exe
Build info: version: '3.141.59', revision: 'e82be7d358', time: '2018-11-14T08:17:03'
System info: host: 'DESKTOP-GOTDN6L', ip: '192.168.1.28', os.name: 'Windows 10', os.arch: 'amd64', os.version: '10.0', java.version: '14.0.2'
Driver info: driver.version: ChromeDriver
remote stacktrace: Backtrace:
Ordinal0 [0x00B1BDE3+2473443]
Ordinal0 [0x00AB6661+2057825]
Ordinal0 [0x009C2438+1057848]
Ordinal0 [0x009E054A+1181002]
Ordinal0 [0x009DC435+1164341]
Ordinal0 [0x009D9CAF+1154223]
Ordinal0 [0x00A09ADF+1350367]
Ordinal0 [0x00A0974A+1349450]
Ordinal0 [0x00A055AB+1332651]
Ordinal0 [0x009E2104+1188100]
Ordinal0 [0x009E2F59+1191769]
GetHandleVerifier [0x00CA2266+1549718]
GetHandleVerifier [0x00D4D4A7+2250711]
GetHandleVerifier [0x00BA718B+521403]
GetHandleVerifier [0x00BA6229+517465]
Ordinal0 [0x00ABB79D+2078621]
Ordinal0 [0x00ABFB58+2095960]
Ordinal0 [0x00ABFC92+2096274]
Ordinal0 [0x00AC9541+2135361]
BaseThreadInitThunk [0x771FFA29+25]
RtlGetAppContainerNamedObjectPath [0x77E87A9E+286]
RtlGetAppContainerNamedObjectPath [0x77E87A6E+238]
]]>
            </message>
            <full-stacktrace>
              <![CDATA[org.openqa.selenium.SessionNotCreatedException: session not created: This version of ChromeDriver only supports Chrome version 94
Current browser version is 98.0.4758.82 with binary path C:\Program Files (x86)\Google\Chrome\Application\chrome.exe
Build info: version: '3.141.59', revision: 'e82be7d358', time: '2018-11-14T08:17:03'
System info: host: 'DESKTOP-GOTDN6L', ip: '192.168.1.28', os.name: 'Windows 10', os.arch: 'amd64', os.version: '10.0', java.version: '14.0.2'
Driver info: driver.version: ChromeDriver
remote stacktrace: Backtrace:
Ordinal0 [0x00B1BDE3+2473443]
Ordinal0 [0x00AB6661+2057825]
Ordinal0 [0x009C2438+1057848]
Ordinal0 [0x009E054A+1181002]
Ordinal0 [0x009DC435+1164341]
Ordinal0 [0x009D9CAF+1154223]
Ordinal0 [0x00A09ADF+1350367]
Ordinal0 [0x00A0974A+1349450]
Ordinal0 [0x00A055AB+1332651]
Ordinal0 [0x009E2104+1188100]
Ordinal0 [0x009E2F59+1191769]
GetHandleVerifier [0x00CA2266+1549718]
GetHandleVerifier [0x00D4D4A7+2250711]
GetHandleVerifier [0x00BA718B+521403]
GetHandleVerifier [0x00BA6229+517465]
Ordinal0 [0x00ABB79D+2078621]
Ordinal0 [0x00ABFB58+2095960]
Ordinal0 [0x00ABFC92+2096274]
Ordinal0 [0x00AC9541+2135361]
BaseThreadInitThunk [0x771FFA29+25]
RtlGetAppContainerNamedObjectPath [0x77E87A9E+286]
RtlGetAppContainerNamedObjectPath [0x77E87A6E+238]

at java.base/jdk.internal.reflect.NativeConstructorAccessorImpl.newInstance0(Native Method)
at java.base/jdk.internal.reflect.NativeConstructorAccessorImpl.newInstance(NativeConstructorAccessorImpl.java:62)
at java.base/jdk.internal.reflect.DelegatingConstructorAccessorImpl.newInstance(DelegatingConstructorAccessorImpl.java:45)
at java.base/java.lang.reflect.Constructor.newInstanceWithCaller(Constructor.java:500)
at java.base/java.lang.reflect.Constructor.newInstance(Constructor.java:481)
at org.openqa.selenium.remote.W3CHandshakeResponse.lambda$errorHandler$0(W3CHandshakeResponse.java:62)
at org.openqa.selenium.remote.HandshakeResponse.lambda$getResponseFunction$0(HandshakeResponse.java:30)
at org.openqa.selenium.remote.ProtocolHandshake.lambda$createSession$0(ProtocolHandshake.java:126)
at java.base/java.util.stream.ReferencePipeline$3$1.accept(ReferencePipeline.java:195)
at java.base/java.util.Spliterators$ArraySpliterator.tryAdvance(Spliterators.java:958)
at java.base/java.util.stream.ReferencePipeline.forEachWithCancel(ReferencePipeline.java:127)
at java.base/java.util.stream.AbstractPipeline.copyIntoWithCancel(AbstractPipeline.java:502)
at java.base/java.util.stream.AbstractPipeline.copyInto(AbstractPipeline.java:488)
at java.base/java.util.stream.AbstractPipeline.wrapAndCopyInto(AbstractPipeline.java:474)
at java.base/java.util.stream.FindOps$FindOp.evaluateSequential(FindOps.java:150)
at java.base/java.util.stream.AbstractPipeline.evaluate(AbstractPipeline.java:234)
at java.base/java.util.stream.ReferencePipeline.findFirst(ReferencePipeline.java:543)
at org.openqa.selenium.remote.ProtocolHandshake.createSession(ProtocolHandshake.java:128)
at org.openqa.selenium.remote.ProtocolHandshake.createSession(ProtocolHandshake.java:74)
at org.openqa.selenium.remote.HttpCommandExecutor.execute(HttpCommandExecutor.java:136)
at org.openqa.selenium.remote.service.DriverCommandExecutor.execute(DriverCommandExecutor.java:83)
at org.openqa.selenium.remote.RemoteWebDriver.execute(RemoteWebDriver.java:552)
at org.openqa.selenium.remote.RemoteWebDriver.startSession(RemoteWebDriver.java:213)
at org.openqa.selenium.remote.RemoteWebDriver.<init>(RemoteWebDriver.java:131)
at org.openqa.selenium.chrome.ChromeDriver.<init>(ChromeDriver.java:181)
at org.openqa.selenium.chrome.ChromeDriver.<init>(ChromeDriver.java:168)
at org.openqa.selenium.chrome.ChromeDriver.<init>(ChromeDriver.java:123)
at com.selenium.testng.HardAssertTest.beforeTest(HardAssertTest.java:26)
at java.base/jdk.internal.reflect.NativeMethodAccessorImpl.invoke0(Native Method)
at java.base/jdk.internal.reflect.NativeMethodAccessorImpl.invoke(NativeMethodAccessorImpl.java:62)
at java.base/jdk.internal.reflect.DelegatingMethodAccessorImpl.invoke(DelegatingMethodAccessorImpl.java:43)
at java.base/java.lang.reflect.Method.invoke(Method.java:564)
at org.testng.internal.MethodInvocationHelper.invokeMethod(MethodInvocationHelper.java:133)
at org.testng.internal.MethodInvocationHelper.invokeMethodConsideringTimeout(MethodInvocationHelper.java:62)
at org.testng.internal.ConfigInvoker.invokeConfigurationMethod(ConfigInvoker.java:385)
at org.testng.internal.ConfigInvoker.invokeConfigurations(ConfigInvoker.java:321)
at org.testng.TestRunner.invokeTestConfigurations(TestRunner.java:637)
at org.testng.TestRunner.beforeRun(TestRunner.java:627)
at org.testng.TestRunner.run(TestRunner.java:589)
at org.testng.SuiteRunner.runTest(SuiteRunner.java:377)
at org.testng.SuiteRunner.access$000(SuiteRunner.java:28)
at org.testng.SuiteRunner$SuiteWorker.run(SuiteRunner.java:418)
at org.testng.internal.thread.ThreadUtil.lambda$execute$0(ThreadUtil.java:64)
at java.base/java.util.concurrent.FutureTask.run(FutureTask.java:264)
at java.base/java.util.concurrent.ThreadPoolExecutor.runWorker(ThreadPoolExecutor.java:1130)
at java.base/java.util.concurrent.ThreadPoolExecutor$Worker.run(ThreadPoolExecutor.java:630)
at java.base/java.lang.Thread.run(Thread.java:832)
]]>
            </full-stacktrace>
          </exception> <!-- org.openqa.selenium.SessionNotCreatedException -->
          <reporter-output>
          </reporter-output>
        </test-method> <!-- homePageTest -->
        <test-method signature="verifySearchTest()[pri:1, instance:com.selenium.testng.HardAssertTest@2ea41516]" started-at="2022-02-13T21:04:36 IST" name="verifySearchTest" description="Test case to verify Search functionality" finished-at="2022-02-13T21:04:36 IST" depends-on-methods="com.selenium.testng.HardAssertTest.homePageTest" duration-ms="0" status="SKIP">
          <exception class="java.lang.Throwable">
            <message>
              <![CDATA[Method HardAssertTest.verifySearchTest()[pri:1, instance:com.selenium.testng.HardAssertTest@2ea41516] depends on not successfully finished methods]]>
            </message>
            <full-stacktrace>
              <![CDATA[java.lang.Throwable: Method HardAssertTest.verifySearchTest()[pri:1, instance:com.selenium.testng.HardAssertTest@2ea41516] depends on not successfully finished methods
at org.testng.internal.TestInvoker.invokeTestMethods(TestInvoker.java:102)
at org.testng.internal.TestMethodWorker.invokeTestMethods(TestMethodWorker.java:146)
at org.testng.internal.TestMethodWorker.run(TestMethodWorker.java:128)
at java.base/java.util.ArrayList.forEach(ArrayList.java:1511)
at org.testng.TestRunner.privateRun(TestRunner.java:794)
at org.testng.TestRunner.run(TestRunner.java:596)
at org.testng.SuiteRunner.runTest(SuiteRunner.java:377)
at org.testng.SuiteRunner.access$000(SuiteRunner.java:28)
at org.testng.SuiteRunner$SuiteWorker.run(SuiteRunner.java:418)
at org.testng.internal.thread.ThreadUtil.lambda$execute$0(ThreadUtil.java:64)
at java.base/java.util.concurrent.FutureTask.run(FutureTask.java:264)
at java.base/java.util.concurrent.ThreadPoolExecutor.runWorker(ThreadPoolExecutor.java:1130)
at java.base/java.util.concurrent.ThreadPoolExecutor$Worker.run(ThreadPoolExecutor.java:630)
at java.base/java.lang.Thread.run(Thread.java:832)
]]>
            </full-stacktrace>
          </exception> <!-- java.lang.Throwable -->
          <reporter-output>
          </reporter-output>
        </test-method> <!-- verifySearchTest -->
        <test-method signature="propertyDetailTest()[pri:2, instance:com.selenium.testng.HardAssertTest@2ea41516]" started-at="2022-02-13T21:04:36 IST" name="propertyDetailTest" description="Test case to verify property detail functionality" finished-at="2022-02-13T21:04:36 IST" duration-ms="0" status="SKIP">
          <exception class="org.openqa.selenium.SessionNotCreatedException">
            <message>
              <![CDATA[session not created: This version of ChromeDriver only supports Chrome version 94
Current browser version is 98.0.4758.82 with binary path C:\Program Files (x86)\Google\Chrome\Application\chrome.exe
Build info: version: '3.141.59', revision: 'e82be7d358', time: '2018-11-14T08:17:03'
System info: host: 'DESKTOP-GOTDN6L', ip: '192.168.1.28', os.name: 'Windows 10', os.arch: 'amd64', os.version: '10.0', java.version: '14.0.2'
Driver info: driver.version: ChromeDriver
remote stacktrace: Backtrace:
Ordinal0 [0x00B1BDE3+2473443]
Ordinal0 [0x00AB6661+2057825]
Ordinal0 [0x009C2438+1057848]
Ordinal0 [0x009E054A+1181002]
Ordinal0 [0x009DC435+1164341]
Ordinal0 [0x009D9CAF+1154223]
Ordinal0 [0x00A09ADF+1350367]
Ordinal0 [0x00A0974A+1349450]
Ordinal0 [0x00A055AB+1332651]
Ordinal0 [0x009E2104+1188100]
Ordinal0 [0x009E2F59+1191769]
GetHandleVerifier [0x00CA2266+1549718]
GetHandleVerifier [0x00D4D4A7+2250711]
GetHandleVerifier [0x00BA718B+521403]
GetHandleVerifier [0x00BA6229+517465]
Ordinal0 [0x00ABB79D+2078621]
Ordinal0 [0x00ABFB58+2095960]
Ordinal0 [0x00ABFC92+2096274]
Ordinal0 [0x00AC9541+2135361]
BaseThreadInitThunk [0x771FFA29+25]
RtlGetAppContainerNamedObjectPath [0x77E87A9E+286]
RtlGetAppContainerNamedObjectPath [0x77E87A6E+238]
]]>
            </message>
            <full-stacktrace>
              <![CDATA[org.openqa.selenium.SessionNotCreatedException: session not created: This version of ChromeDriver only supports Chrome version 94
Current browser version is 98.0.4758.82 with binary path C:\Program Files (x86)\Google\Chrome\Application\chrome.exe
Build info: version: '3.141.59', revision: 'e82be7d358', time: '2018-11-14T08:17:03'
System info: host: 'DESKTOP-GOTDN6L', ip: '192.168.1.28', os.name: 'Windows 10', os.arch: 'amd64', os.version: '10.0', java.version: '14.0.2'
Driver info: driver.version: ChromeDriver
remote stacktrace: Backtrace:
Ordinal0 [0x00B1BDE3+2473443]
Ordinal0 [0x00AB6661+2057825]
Ordinal0 [0x009C2438+1057848]
Ordinal0 [0x009E054A+1181002]
Ordinal0 [0x009DC435+1164341]
Ordinal0 [0x009D9CAF+1154223]
Ordinal0 [0x00A09ADF+1350367]
Ordinal0 [0x00A0974A+1349450]
Ordinal0 [0x00A055AB+1332651]
Ordinal0 [0x009E2104+1188100]
Ordinal0 [0x009E2F59+1191769]
GetHandleVerifier [0x00CA2266+1549718]
GetHandleVerifier [0x00D4D4A7+2250711]
GetHandleVerifier [0x00BA718B+521403]
GetHandleVerifier [0x00BA6229+517465]
Ordinal0 [0x00ABB79D+2078621]
Ordinal0 [0x00ABFB58+2095960]
Ordinal0 [0x00ABFC92+2096274]
Ordinal0 [0x00AC9541+2135361]
BaseThreadInitThunk [0x771FFA29+25]
RtlGetAppContainerNamedObjectPath [0x77E87A9E+286]
RtlGetAppContainerNamedObjectPath [0x77E87A6E+238]

at java.base/jdk.internal.reflect.NativeConstructorAccessorImpl.newInstance0(Native Method)
at java.base/jdk.internal.reflect.NativeConstructorAccessorImpl.newInstance(NativeConstructorAccessorImpl.java:62)
at java.base/jdk.internal.reflect.DelegatingConstructorAccessorImpl.newInstance(DelegatingConstructorAccessorImpl.java:45)
at java.base/java.lang.reflect.Constructor.newInstanceWithCaller(Constructor.java:500)
at java.base/java.lang.reflect.Constructor.newInstance(Constructor.java:481)
at org.openqa.selenium.remote.W3CHandshakeResponse.lambda$errorHandler$0(W3CHandshakeResponse.java:62)
at org.openqa.selenium.remote.HandshakeResponse.lambda$getResponseFunction$0(HandshakeResponse.java:30)
at org.openqa.selenium.remote.ProtocolHandshake.lambda$createSession$0(ProtocolHandshake.java:126)
at java.base/java.util.stream.ReferencePipeline$3$1.accept(ReferencePipeline.java:195)
at java.base/java.util.Spliterators$ArraySpliterator.tryAdvance(Spliterators.java:958)
at java.base/java.util.stream.ReferencePipeline.forEachWithCancel(ReferencePipeline.java:127)
at java.base/java.util.stream.AbstractPipeline.copyIntoWithCancel(AbstractPipeline.java:502)
at java.base/java.util.stream.AbstractPipeline.copyInto(AbstractPipeline.java:488)
at java.base/java.util.stream.AbstractPipeline.wrapAndCopyInto(AbstractPipeline.java:474)
at java.base/java.util.stream.FindOps$FindOp.evaluateSequential(FindOps.java:150)
at java.base/java.util.stream.AbstractPipeline.evaluate(AbstractPipeline.java:234)
at java.base/java.util.stream.ReferencePipeline.findFirst(ReferencePipeline.java:543)
at org.openqa.selenium.remote.ProtocolHandshake.createSession(ProtocolHandshake.java:128)
at org.openqa.selenium.remote.ProtocolHandshake.createSession(ProtocolHandshake.java:74)
at org.openqa.selenium.remote.HttpCommandExecutor.execute(HttpCommandExecutor.java:136)
at org.openqa.selenium.remote.service.DriverCommandExecutor.execute(DriverCommandExecutor.java:83)
at org.openqa.selenium.remote.RemoteWebDriver.execute(RemoteWebDriver.java:552)
at org.openqa.selenium.remote.RemoteWebDriver.startSession(RemoteWebDriver.java:213)
at org.openqa.selenium.remote.RemoteWebDriver.<init>(RemoteWebDriver.java:131)
at org.openqa.selenium.chrome.ChromeDriver.<init>(ChromeDriver.java:181)
at org.openqa.selenium.chrome.ChromeDriver.<init>(ChromeDriver.java:168)
at org.openqa.selenium.chrome.ChromeDriver.<init>(ChromeDriver.java:123)
at com.selenium.testng.HardAssertTest.beforeTest(HardAssertTest.java:26)
at java.base/jdk.internal.reflect.NativeMethodAccessorImpl.invoke0(Native Method)
at java.base/jdk.internal.reflect.NativeMethodAccessorImpl.invoke(NativeMethodAccessorImpl.java:62)
at java.base/jdk.internal.reflect.DelegatingMethodAccessorImpl.invoke(DelegatingMethodAccessorImpl.java:43)
at java.base/java.lang.reflect.Method.invoke(Method.java:564)
at org.testng.internal.MethodInvocationHelper.invokeMethod(MethodInvocationHelper.java:133)
at org.testng.internal.MethodInvocationHelper.invokeMethodConsideringTimeout(MethodInvocationHelper.java:62)
at org.testng.internal.ConfigInvoker.invokeConfigurationMethod(ConfigInvoker.java:385)
at org.testng.internal.ConfigInvoker.invokeConfigurations(ConfigInvoker.java:321)
at org.testng.TestRunner.invokeTestConfigurations(TestRunner.java:637)
at org.testng.TestRunner.beforeRun(TestRunner.java:627)
at org.testng.TestRunner.run(TestRunner.java:589)
at org.testng.SuiteRunner.runTest(SuiteRunner.java:377)
at org.testng.SuiteRunner.access$000(SuiteRunner.java:28)
at org.testng.SuiteRunner$SuiteWorker.run(SuiteRunner.java:418)
at org.testng.internal.thread.ThreadUtil.lambda$execute$0(ThreadUtil.java:64)
at java.base/java.util.concurrent.FutureTask.run(FutureTask.java:264)
at java.base/java.util.concurrent.ThreadPoolExecutor.runWorker(ThreadPoolExecutor.java:1130)
at java.base/java.util.concurrent.ThreadPoolExecutor$Worker.run(ThreadPoolExecutor.java:630)
at java.base/java.lang.Thread.run(Thread.java:832)
]]>
            </full-stacktrace>
          </exception> <!-- org.openqa.selenium.SessionNotCreatedException -->
          <reporter-output>
          </reporter-output>
        </test-method> <!-- propertyDetailTest -->
        <test-method is-config="true" signature="afterTest()[pri:0, instance:com.selenium.testng.HardAssertTest@2ea41516]" started-at="2022-02-13T21:04:36 IST" name="afterTest" finished-at="1970-01-01T05:30:00 IST" duration-ms="-1644766476984" status="SKIP">
          <reporter-output>
          </reporter-output>
        </test-method> <!-- afterTest -->
      </class> <!-- com.selenium.testng.HardAssertTest -->
    </test> <!-- TC 03 - Zoopla using Hard Assert -->
    <test started-at="2022-02-13T21:04:37 IST" name="TC 04 - Fixed Deposit Calculation" finished-at="2022-02-13T21:04:57 IST" duration-ms="20323">
      <class name="com.selenium.keyworddriven.FixedDeposit_Test">
        <test-method is-config="true" signature="beforeTest()[pri:0, instance:com.selenium.keyworddriven.FixedDeposit_Test@31fa1761]" started-at="2022-02-13T21:04:37 IST" name="beforeTest" finished-at="2022-02-13T21:04:43 IST" duration-ms="6209" status="PASS">
          <reporter-output>
          </reporter-output>
        </test-method> <!-- beforeTest -->
        <test-method signature="FixedDeposit_10000()[pri:0, instance:com.selenium.keyworddriven.FixedDeposit_Test@31fa1761]" started-at="2022-02-13T21:04:43 IST" name="FixedDeposit_10000" description="Fixed depost for 10000" finished-at="2022-02-13T21:04:57 IST" duration-ms="14106" status="PASS">
          <reporter-output>
          </reporter-output>
        </test-method> <!-- FixedDeposit_10000 -->
        <test-method is-config="true" signature="afterTest()[pri:0, instance:com.selenium.keyworddriven.FixedDeposit_Test@31fa1761]" started-at="2022-02-13T21:04:57 IST" name="afterTest" finished-at="2022-02-13T21:04:57 IST" duration-ms="0" status="PASS">
          <reporter-output>
          </reporter-output>
        </test-method> <!-- afterTest -->
      </class> <!-- com.selenium.keyworddriven.FixedDeposit_Test -->
    </test> <!-- TC 04 - Fixed Deposit Calculation -->
  </suite> <!-- RegressionSuite -->
</testng-results>
