<?xml version="1.0" encoding="UTF-8"?>
<!-- Generated by org.testng.reporters.JUnitXMLReporter -->
<testsuite ignored="0" hostname="DESKTOP-GOTDN6L" failures="0" tests="3" name="TC 03 - Zoopla using Hard Assert" time="11.545" errors="0" timestamp="2022-02-13T21:04:37 IST">
  <testcase classname="com.selenium.testng.HardAssertTest" name="@BeforeTest beforeTest" time="11.386">
    <failure type="org.openqa.selenium.SessionNotCreatedException" message="session not created: This version of ChromeDriver only supports Chrome version 94
Current browser version is 98.0.4758.82 with binary path C:\Program Files (x86)\Google\Chrome\Application\chrome.exe
Build info: version: &amp;apos;3.141.59&amp;apos;, revision: &amp;apos;e82be7d358&amp;apos;, time: &amp;apos;2018-11-14T08:17:03&amp;apos;
System info: host: &amp;apos;DESKTOP-GOTDN6L&amp;apos;, ip: &amp;apos;192.168.1.28&amp;apos;, os.name: &amp;apos;Windows 10&amp;apos;, os.arch: &amp;apos;amd64&amp;apos;, os.version: &amp;apos;10.0&amp;apos;, java.version: &amp;apos;14.0.2&amp;apos;
Driver info: driver.version: ChromeDriver
remote stacktrace: Backtrace:
	Ordinal0 [0x00B1BDE3+2473443]
	Ordinal0 [0x00AB6661+2057825]
	Ordinal0 [0x009C2438+1057848]
	Ordinal0 [0x009E054A+1181002]
	Ordinal0 [0x009DC435+1164341]
	Ordinal0 [0x009D9CAF+1154223]
	Ordinal0 [0x00A09ADF+1350367]
	Ordinal0 [0x00A0974A+1349450]
	Ordinal0 [0x00A055AB+1332651]
	Ordinal0 [0x009E2104+1188100]
	Ordinal0 [0x009E2F59+1191769]
	GetHandleVerifier [0x00CA2266+1549718]
	GetHandleVerifier [0x00D4D4A7+2250711]
	GetHandleVerifier [0x00BA718B+521403]
	GetHandleVerifier [0x00BA6229+517465]
	Ordinal0 [0x00ABB79D+2078621]
	Ordinal0 [0x00ABFB58+2095960]
	Ordinal0 [0x00ABFC92+2096274]
	Ordinal0 [0x00AC9541+2135361]
	BaseThreadInitThunk [0x771FFA29+25]
	RtlGetAppContainerNamedObjectPath [0x77E87A9E+286]
	RtlGetAppContainerNamedObjectPath [0x77E87A6E+238]
">
      <![CDATA[org.openqa.selenium.SessionNotCreatedException: session not created: This version of ChromeDriver only supports Chrome version 94
Current browser version is 98.0.4758.82 with binary path C:\Program Files (x86)\Google\Chrome\Application\chrome.exe
Build info: version: '3.141.59', revision: 'e82be7d358', time: '2018-11-14T08:17:03'
System info: host: 'DESKTOP-GOTDN6L', ip: '192.168.1.28', os.name: 'Windows 10', os.arch: 'amd64', os.version: '10.0', java.version: '14.0.2'
Driver info: driver.version: ChromeDriver
remote stacktrace: Backtrace:
Ordinal0 [0x00B1BDE3+2473443]
Ordinal0 [0x00AB6661+2057825]
Ordinal0 [0x009C2438+1057848]
Ordinal0 [0x009E054A+1181002]
Ordinal0 [0x009DC435+1164341]
Ordinal0 [0x009D9CAF+1154223]
Ordinal0 [0x00A09ADF+1350367]
Ordinal0 [0x00A0974A+1349450]
Ordinal0 [0x00A055AB+1332651]
Ordinal0 [0x009E2104+1188100]
Ordinal0 [0x009E2F59+1191769]
GetHandleVerifier [0x00CA2266+1549718]
GetHandleVerifier [0x00D4D4A7+2250711]
GetHandleVerifier [0x00BA718B+521403]
GetHandleVerifier [0x00BA6229+517465]
Ordinal0 [0x00ABB79D+2078621]
Ordinal0 [0x00ABFB58+2095960]
Ordinal0 [0x00ABFC92+2096274]
Ordinal0 [0x00AC9541+2135361]
BaseThreadInitThunk [0x771FFA29+25]
RtlGetAppContainerNamedObjectPath [0x77E87A9E+286]
RtlGetAppContainerNamedObjectPath [0x77E87A6E+238]

at java.base/jdk.internal.reflect.NativeConstructorAccessorImpl.newInstance0(Native Method)
at java.base/jdk.internal.reflect.NativeConstructorAccessorImpl.newInstance(NativeConstructorAccessorImpl.java:62)
at java.base/jdk.internal.reflect.DelegatingConstructorAccessorImpl.newInstance(DelegatingConstructorAccessorImpl.java:45)
at java.base/java.lang.reflect.Constructor.newInstanceWithCaller(Constructor.java:500)
at java.base/java.lang.reflect.Constructor.newInstance(Constructor.java:481)
at org.openqa.selenium.remote.W3CHandshakeResponse.lambda$errorHandler$0(W3CHandshakeResponse.java:62)
at org.openqa.selenium.remote.HandshakeResponse.lambda$getResponseFunction$0(HandshakeResponse.java:30)
at org.openqa.selenium.remote.ProtocolHandshake.lambda$createSession$0(ProtocolHandshake.java:126)
at java.base/java.util.stream.ReferencePipeline$3$1.accept(ReferencePipeline.java:195)
at java.base/java.util.Spliterators$ArraySpliterator.tryAdvance(Spliterators.java:958)
at java.base/java.util.stream.ReferencePipeline.forEachWithCancel(ReferencePipeline.java:127)
at java.base/java.util.stream.AbstractPipeline.copyIntoWithCancel(AbstractPipeline.java:502)
at java.base/java.util.stream.AbstractPipeline.copyInto(AbstractPipeline.java:488)
at java.base/java.util.stream.AbstractPipeline.wrapAndCopyInto(AbstractPipeline.java:474)
at java.base/java.util.stream.FindOps$FindOp.evaluateSequential(FindOps.java:150)
at java.base/java.util.stream.AbstractPipeline.evaluate(AbstractPipeline.java:234)
at java.base/java.util.stream.ReferencePipeline.findFirst(ReferencePipeline.java:543)
at org.openqa.selenium.remote.ProtocolHandshake.createSession(ProtocolHandshake.java:128)
at org.openqa.selenium.remote.ProtocolHandshake.createSession(ProtocolHandshake.java:74)
at org.openqa.selenium.remote.HttpCommandExecutor.execute(HttpCommandExecutor.java:136)
at org.openqa.selenium.remote.service.DriverCommandExecutor.execute(DriverCommandExecutor.java:83)
at org.openqa.selenium.remote.RemoteWebDriver.execute(RemoteWebDriver.java:552)
at org.openqa.selenium.remote.RemoteWebDriver.startSession(RemoteWebDriver.java:213)
at org.openqa.selenium.remote.RemoteWebDriver.<init>(RemoteWebDriver.java:131)
at org.openqa.selenium.chrome.ChromeDriver.<init>(ChromeDriver.java:181)
at org.openqa.selenium.chrome.ChromeDriver.<init>(ChromeDriver.java:168)
at org.openqa.selenium.chrome.ChromeDriver.<init>(ChromeDriver.java:123)
at com.selenium.testng.HardAssertTest.beforeTest(HardAssertTest.java:26)
at java.base/jdk.internal.reflect.NativeMethodAccessorImpl.invoke0(Native Method)
at java.base/jdk.internal.reflect.NativeMethodAccessorImpl.invoke(NativeMethodAccessorImpl.java:62)
at java.base/jdk.internal.reflect.DelegatingMethodAccessorImpl.invoke(DelegatingMethodAccessorImpl.java:43)
at java.base/java.lang.reflect.Method.invoke(Method.java:564)
at org.testng.internal.MethodInvocationHelper.invokeMethod(MethodInvocationHelper.java:133)
at org.testng.internal.MethodInvocationHelper.invokeMethodConsideringTimeout(MethodInvocationHelper.java:62)
at org.testng.internal.ConfigInvoker.invokeConfigurationMethod(ConfigInvoker.java:385)
at org.testng.internal.ConfigInvoker.invokeConfigurations(ConfigInvoker.java:321)
at org.testng.TestRunner.invokeTestConfigurations(TestRunner.java:637)
at org.testng.TestRunner.beforeRun(TestRunner.java:627)
at org.testng.TestRunner.run(TestRunner.java:589)
at org.testng.SuiteRunner.runTest(SuiteRunner.java:377)
at org.testng.SuiteRunner.access$000(SuiteRunner.java:28)
at org.testng.SuiteRunner$SuiteWorker.run(SuiteRunner.java:418)
at org.testng.internal.thread.ThreadUtil.lambda$execute$0(ThreadUtil.java:64)
at java.base/java.util.concurrent.FutureTask.run(FutureTask.java:264)
at java.base/java.util.concurrent.ThreadPoolExecutor.runWorker(ThreadPoolExecutor.java:1130)
at java.base/java.util.concurrent.ThreadPoolExecutor$Worker.run(ThreadPoolExecutor.java:630)
at java.base/java.lang.Thread.run(Thread.java:832)
]]>
    </failure>
  </testcase> <!-- @BeforeTest beforeTest -->
  <testcase classname="com.selenium.testng.HardAssertTest" name="@AfterTest afterTest" time="-1.644766476984E9">
    <skipped/>
  </testcase> <!-- @AfterTest afterTest -->
  <testcase classname="com.selenium.testng.HardAssertTest" name="homePageTest" time="0.0">
    <skipped/>
  </testcase> <!-- homePageTest -->
  <testcase classname="com.selenium.testng.HardAssertTest" name="verifySearchTest" time="0.0">
    <skipped/>
  </testcase> <!-- verifySearchTest -->
  <testcase classname="com.selenium.testng.HardAssertTest" name="propertyDetailTest" time="0.0">
    <skipped/>
  </testcase> <!-- propertyDetailTest -->
</testsuite> <!-- TC 03 - Zoopla using Hard Assert -->
